<?xml version="1.0" encoding="UTF-8"?>
<testng-results skipped="0" failed="2" ignored="0" total="4" passed="2">
  <reporter-output>
  </reporter-output>
  <suite name="Default suite" duration-ms="96026" started-at="2020-09-04T15:01:26Z" finished-at="2020-09-04T15:03:02Z">
    <groups>
    </groups>
    <test name="Default test" duration-ms="96026" started-at="2020-09-04T15:01:26Z" finished-at="2020-09-04T15:03:02Z">
      <class name="com.oracle.sim.testcases.ticketFilter.TicketFilterDateAndUserSearch">
        <test-method status="PASS" signature="setup(org.testng.ITestContext)[pri:0, instance:com.oracle.sim.testcases.ticketFilter.TicketFilterDateAndUserSearch@5f341870]" name="setup" is-config="true" duration-ms="53219" started-at="2020-09-04T20:31:26Z" finished-at="2020-09-04T20:32:19Z">
          <params>
            <param index="0">
              <value>
                <![CDATA[org.testng.TestRunner@2a2dc0a]]>
              </value>
            </param>
          </params>
          <reporter-output>
          </reporter-output>
        </test-method> <!-- setup -->
        <test-method status="PASS" signature="verifyRole(java.util.Map)[pri:1, instance:com.oracle.sim.testcases.ticketFilter.TicketFilterDateAndUserSearch@5f341870]" name="verifyRole" duration-ms="7201" started-at="2020-09-04T20:32:20Z" data-provider="ticketFilterAccessTestData" finished-at="2020-09-04T20:32:28Z">
          <params>
            <param index="0">
              <value>
                <![CDATA[{TestCase=TicketFilter, Title=Role Maintenance, AssignedDataYes=Yes, AccessTicketFilter=Access Ticket List, AssignedDataNo=No, DetailTitle=Role Detail}]]>
              </value>
            </param>
          </params>
          <reporter-output>
          </reporter-output>
        </test-method> <!-- verifyRole -->
        <test-method status="PASS" signature="verifyTicketFilterUserSearch(java.util.Map)[pri:3, instance:com.oracle.sim.testcases.ticketFilter.TicketFilterDateAndUserSearch@5f341870]" name="verifyTicketFilterUserSearch" duration-ms="7853" started-at="2020-09-04T20:32:28Z" data-provider="ticketFilterUserData" finished-at="2020-09-04T20:32:36Z">
          <params>
            <param index="0">
              <value>
                <![CDATA[{UpdatedUserName=sim_qa3, SearchHeader=Ticket Search Criteria}]]>
              </value>
            </param>
          </params>
          <reporter-output>
          </reporter-output>
        </test-method> <!-- verifyTicketFilterUserSearch -->
        <test-method status="FAIL" signature="verifyTicketFilterToActiveDateField(java.util.Map)[pri:4, instance:com.oracle.sim.testcases.ticketFilter.TicketFilterDateAndUserSearch@5f341870]" name="verifyTicketFilterToActiveDateField" duration-ms="9984" started-at="2020-09-04T20:32:36Z" data-provider="ticketFilterToActiveDateData" finished-at="2020-09-04T20:32:46Z">
          <params>
            <param index="0">
              <value>
                <![CDATA[{PrintedStatus=Yes, SearchHeader=Ticket Search Criteria, UpdatedUserName=sim_qa3, SearchLimit=500}]]>
              </value>
            </param>
          </params>
          <exception class="java.lang.AssertionError">
            <message>
              <![CDATA[expected [28] but found [2]]]>
            </message>
            <full-stacktrace>
              <![CDATA[java.lang.AssertionError: expected [28] but found [2]
	at org.testng.Assert.fail(Assert.java:94)
	at org.testng.Assert.failNotEquals(Assert.java:513)
	at org.testng.Assert.assertEqualsImpl(Assert.java:135)
	at org.testng.Assert.assertEquals(Assert.java:116)
	at org.testng.Assert.assertEquals(Assert.java:389)
	at org.testng.Assert.assertEquals(Assert.java:399)
	at com.oracle.sim.pages.Base.SimBasePage.resultCountVerification(SimBasePage.java:157)
	at com.oracle.sim.testcases.ticketFilter.TicketFilterDateAndUserSearch.verifyTicketFilterToActiveDateField(TicketFilterDateAndUserSearch.java:147)
	at sun.reflect.NativeMethodAccessorImpl.invoke0(Native Method)
	at sun.reflect.NativeMethodAccessorImpl.invoke(NativeMethodAccessorImpl.java:62)
	at sun.reflect.DelegatingMethodAccessorImpl.invoke(DelegatingMethodAccessorImpl.java:43)
	at java.lang.reflect.Method.invoke(Method.java:498)
	at org.testng.internal.MethodInvocationHelper.invokeMethod(MethodInvocationHelper.java:104)
	at org.testng.internal.Invoker.invokeMethod(Invoker.java:645)
	at org.testng.internal.Invoker.invokeTestMethod(Invoker.java:851)
	at org.testng.internal.Invoker.invokeTestMethods(Invoker.java:1177)
	at org.testng.internal.TestMethodWorker.invokeTestMethods(TestMethodWorker.java:129)
	at org.testng.internal.TestMethodWorker.run(TestMethodWorker.java:112)
	at org.testng.TestRunner.privateRun(TestRunner.java:756)
	at org.testng.TestRunner.run(TestRunner.java:610)
	at org.testng.SuiteRunner.runTest(SuiteRunner.java:387)
	at org.testng.SuiteRunner.runSequentially(SuiteRunner.java:382)
	at org.testng.SuiteRunner.privateRun(SuiteRunner.java:340)
	at org.testng.SuiteRunner.run(SuiteRunner.java:289)
	at org.testng.SuiteRunnerWorker.runSuite(SuiteRunnerWorker.java:52)
	at org.testng.SuiteRunnerWorker.run(SuiteRunnerWorker.java:86)
	at org.testng.TestNG.runSuitesSequentially(TestNG.java:1293)
	at org.testng.TestNG.runSuitesLocally(TestNG.java:1218)
	at org.testng.TestNG.runSuites(TestNG.java:1133)
	at org.testng.TestNG.run(TestNG.java:1104)
	at org.testng.remote.AbstractRemoteTestNG.run(AbstractRemoteTestNG.java:126)
	at org.testng.remote.RemoteTestNG.initAndRun(RemoteTestNG.java:137)
	at org.testng.remote.RemoteTestNG.main(RemoteTestNG.java:58)
]]>
            </full-stacktrace>
          </exception> <!-- java.lang.AssertionError -->
          <reporter-output>
          </reporter-output>
        </test-method> <!-- verifyTicketFilterToActiveDateField -->
        <test-method status="FAIL" signature="verifyTicketFilterPrintedDate(java.util.Map)[pri:5, instance:com.oracle.sim.testcases.ticketFilter.TicketFilterDateAndUserSearch@5f341870]" name="verifyTicketFilterPrintedDate" duration-ms="16182" started-at="2020-09-04T20:32:46Z" data-provider="ticketFilterDateFilterData" finished-at="2020-09-04T20:33:02Z">
          <params>
            <param index="0">
              <value>
                <![CDATA[{PrintedStatus=Yes, SearchHeader=Ticket Search Criteria, UpdatedUserName=sim_qa3, SearchLimit=500}]]>
              </value>
            </param>
          </params>
          <exception class="java.lang.AssertionError">
            <message>
              <![CDATA[expected [108] but found [0]]]>
            </message>
            <full-stacktrace>
              <![CDATA[java.lang.AssertionError: expected [108] but found [0]
	at org.testng.Assert.fail(Assert.java:94)
	at org.testng.Assert.failNotEquals(Assert.java:513)
	at org.testng.Assert.assertEqualsImpl(Assert.java:135)
	at org.testng.Assert.assertEquals(Assert.java:116)
	at org.testng.Assert.assertEquals(Assert.java:389)
	at org.testng.Assert.assertEquals(Assert.java:399)
	at com.oracle.sim.pages.Base.SimBasePage.resultCountVerification(SimBasePage.java:157)
	at com.oracle.sim.testcases.ticketFilter.TicketFilterDateAndUserSearch.verifyTicketFilterPrintedDate(TicketFilterDateAndUserSearch.java:214)
	at sun.reflect.NativeMethodAccessorImpl.invoke0(Native Method)
	at sun.reflect.NativeMethodAccessorImpl.invoke(NativeMethodAccessorImpl.java:62)
	at sun.reflect.DelegatingMethodAccessorImpl.invoke(DelegatingMethodAccessorImpl.java:43)
	at java.lang.reflect.Method.invoke(Method.java:498)
	at org.testng.internal.MethodInvocationHelper.invokeMethod(MethodInvocationHelper.java:104)
	at org.testng.internal.Invoker.invokeMethod(Invoker.java:645)
	at org.testng.internal.Invoker.invokeTestMethod(Invoker.java:851)
	at org.testng.internal.Invoker.invokeTestMethods(Invoker.java:1177)
	at org.testng.internal.TestMethodWorker.invokeTestMethods(TestMethodWorker.java:129)
	at org.testng.internal.TestMethodWorker.run(TestMethodWorker.java:112)
	at org.testng.TestRunner.privateRun(TestRunner.java:756)
	at org.testng.TestRunner.run(TestRunner.java:610)
	at org.testng.SuiteRunner.runTest(SuiteRunner.java:387)
	at org.testng.SuiteRunner.runSequentially(SuiteRunner.java:382)
	at org.testng.SuiteRunner.privateRun(SuiteRunner.java:340)
	at org.testng.SuiteRunner.run(SuiteRunner.java:289)
	at org.testng.SuiteRunnerWorker.runSuite(SuiteRunnerWorker.java:52)
	at org.testng.SuiteRunnerWorker.run(SuiteRunnerWorker.java:86)
	at org.testng.TestNG.runSuitesSequentially(TestNG.java:1293)
	at org.testng.TestNG.runSuitesLocally(TestNG.java:1218)
	at org.testng.TestNG.runSuites(TestNG.java:1133)
	at org.testng.TestNG.run(TestNG.java:1104)
	at org.testng.remote.AbstractRemoteTestNG.run(AbstractRemoteTestNG.java:126)
	at org.testng.remote.RemoteTestNG.initAndRun(RemoteTestNG.java:137)
	at org.testng.remote.RemoteTestNG.main(RemoteTestNG.java:58)
]]>
            </full-stacktrace>
          </exception> <!-- java.lang.AssertionError -->
          <reporter-output>
          </reporter-output>
        </test-method> <!-- verifyTicketFilterPrintedDate -->
      </class> <!-- com.oracle.sim.testcases.ticketFilter.TicketFilterDateAndUserSearch -->
    </test> <!-- Default test -->
  </suite> <!-- Default suite -->
</testng-results>
